{"D:\\Pontocob\\workspace\\node\\transfeera-ws\\src\\index.js": {"path":"D:\\Pontocob\\workspace\\node\\transfeera-ws\\src\\index.js","statementMap":{"0":{"start":{"line":1,"column":16},"end":{"line":1,"column":34}},"1":{"start":{"line":2,"column":19},"end":{"line":2,"column":41}},"2":{"start":{"line":3,"column":13},"end":{"line":3,"column":28}},"3":{"start":{"line":4,"column":12},"end":{"line":4,"column":21}},"4":{"start":{"line":7,"column":26},"end":{"line":7,"column":65}},"5":{"start":{"line":8,"column":19},"end":{"line":8,"column":51}},"6":{"start":{"line":9,"column":32},"end":{"line":9,"column":78}},"7":{"start":{"line":12,"column":0},"end":{"line":12,"column":48}},"8":{"start":{"line":13,"column":0},"end":{"line":13,"column":24}},"9":{"start":{"line":14,"column":0},"end":{"line":14,"column":60}},"10":{"start":{"line":15,"column":0},"end":{"line":15,"column":16}},"11":{"start":{"line":19,"column":0},"end":{"line":19,"column":46}},"12":{"start":{"line":20,"column":0},"end":{"line":20,"column":31}},"13":{"start":{"line":21,"column":0},"end":{"line":21,"column":59}},"14":{"start":{"line":23,"column":0},"end":{"line":23,"column":21}},"15":{"start":{"line":25,"column":0},"end":{"line":27,"column":1}},"16":{"start":{"line":26,"column":4},"end":{"line":26,"column":21}}},"fnMap":{},"branchMap":{"0":{"loc":{"start":{"line":25,"column":0},"end":{"line":27,"column":1}},"type":"if","locations":[{"start":{"line":25,"column":0},"end":{"line":27,"column":1}},{"start":{"line":25,"column":0},"end":{"line":27,"column":1}}],"line":25}},"s":{"0":3,"1":3,"2":3,"3":3,"4":3,"5":3,"6":3,"7":3,"8":3,"9":3,"10":3,"11":3,"12":3,"13":3,"14":3,"15":3,"16":3},"f":{},"b":{"0":[3,0]},"_coverageSchema":"1a1c01bbd47fc00a2c39e90264f33305004495a9","hash":"13d77d39c5962290ed911a39cc2e905d373d8e3e"}
,"D:\\Pontocob\\workspace\\node\\transfeera-ws\\src\\controllers\\accountstype.controller.js": {"path":"D:\\Pontocob\\workspace\\node\\transfeera-ws\\src\\controllers\\accountstype.controller.js","statementMap":{"0":{"start":{"line":1,"column":16},"end":{"line":1,"column":59}},"1":{"start":{"line":3,"column":1},"end":{"line":11,"column":3}},"2":{"start":{"line":4,"column":3},"end":{"line":9,"column":4}},"3":{"start":{"line":5,"column":19},"end":{"line":5,"column":42}},"4":{"start":{"line":6,"column":4},"end":{"line":6,"column":33}},"5":{"start":{"line":8,"column":4},"end":{"line":8,"column":32}}},"fnMap":{"0":{"name":"(anonymous_0)","decl":{"start":{"line":3,"column":19},"end":{"line":3,"column":20}},"loc":{"start":{"line":3,"column":39},"end":{"line":11,"column":2}},"line":3}},"branchMap":{},"s":{"0":3,"1":3,"2":1,"3":1,"4":1,"5":0},"f":{"0":1},"b":{},"_coverageSchema":"1a1c01bbd47fc00a2c39e90264f33305004495a9","hash":"dcccf63f680981e5e59ec4297b250a517ee5a0fa"}
,"D:\\Pontocob\\workspace\\node\\transfeera-ws\\src\\controllers\\banks.accountholder.controller.js": {"path":"D:\\Pontocob\\workspace\\node\\transfeera-ws\\src\\controllers\\banks.accountholder.controller.js","statementMap":{"0":{"start":{"line":1,"column":13},"end":{"line":1,"column":41}},"1":{"start":{"line":2,"column":16},"end":{"line":2,"column":66}},"2":{"start":{"line":4,"column":1},"end":{"line":15,"column":3}},"3":{"start":{"line":5,"column":3},"end":{"line":13,"column":4}},"4":{"start":{"line":6,"column":21},"end":{"line":6,"column":37}},"5":{"start":{"line":7,"column":19},"end":{"line":7,"column":33}},"6":{"start":{"line":8,"column":19},"end":{"line":8,"column":33}},"7":{"start":{"line":9,"column":21},"end":{"line":9,"column":61}},"8":{"start":{"line":10,"column":6},"end":{"line":10,"column":35}},"9":{"start":{"line":12,"column":6},"end":{"line":12,"column":34}},"10":{"start":{"line":17,"column":1},"end":{"line":27,"column":2}},"11":{"start":{"line":18,"column":2},"end":{"line":25,"column":3}},"12":{"start":{"line":19,"column":15},"end":{"line":19,"column":38}},"13":{"start":{"line":20,"column":19},"end":{"line":20,"column":45}},"14":{"start":{"line":21,"column":4},"end":{"line":21,"column":33}},"15":{"start":{"line":24,"column":4},"end":{"line":24,"column":32}},"16":{"start":{"line":29,"column":1},"end":{"line":46,"column":2}},"17":{"start":{"line":30,"column":2},"end":{"line":44,"column":3}},"18":{"start":{"line":31,"column":21},"end":{"line":31,"column":29}},"19":{"start":{"line":33,"column":4},"end":{"line":33,"column":28}},"20":{"start":{"line":35,"column":4},"end":{"line":40,"column":7}},"21":{"start":{"line":43,"column":4},"end":{"line":43,"column":32}},"22":{"start":{"line":48,"column":0},"end":{"line":61,"column":2}},"23":{"start":{"line":50,"column":2},"end":{"line":59,"column":3}},"24":{"start":{"line":51,"column":32},"end":{"line":51,"column":55}},"25":{"start":{"line":52,"column":20},"end":{"line":52,"column":28}},"26":{"start":{"line":53,"column":5},"end":{"line":53,"column":50}},"27":{"start":{"line":55,"column":4},"end":{"line":55,"column":83}},"28":{"start":{"line":58,"column":4},"end":{"line":58,"column":32}},"29":{"start":{"line":63,"column":0},"end":{"line":80,"column":2}},"30":{"start":{"line":64,"column":2},"end":{"line":78,"column":3}},"31":{"start":{"line":65,"column":15},"end":{"line":65,"column":38}},"32":{"start":{"line":66,"column":21},"end":{"line":66,"column":29}},"33":{"start":{"line":68,"column":4},"end":{"line":71,"column":5}},"34":{"start":{"line":69,"column":6},"end":{"line":69,"column":70}},"35":{"start":{"line":70,"column":6},"end":{"line":70,"column":13}},"36":{"start":{"line":73,"column":4},"end":{"line":73,"column":34}},"37":{"start":{"line":74,"column":4},"end":{"line":74,"column":69}},"38":{"start":{"line":77,"column":4},"end":{"line":77,"column":32}},"39":{"start":{"line":82,"column":0},"end":{"line":91,"column":2}},"40":{"start":{"line":83,"column":2},"end":{"line":89,"column":3}},"41":{"start":{"line":84,"column":15},"end":{"line":84,"column":38}},"42":{"start":{"line":85,"column":4},"end":{"line":85,"column":29}},"43":{"start":{"line":86,"column":4},"end":{"line":86,"column":95}},"44":{"start":{"line":88,"column":4},"end":{"line":88,"column":32}}},"fnMap":{"0":{"name":"(anonymous_0)","decl":{"start":{"line":4,"column":19},"end":{"line":4,"column":20}},"loc":{"start":{"line":4,"column":39},"end":{"line":15,"column":2}},"line":4},"1":{"name":"(anonymous_1)","decl":{"start":{"line":17,"column":20},"end":{"line":17,"column":21}},"loc":{"start":{"line":17,"column":40},"end":{"line":27,"column":1}},"line":17},"2":{"name":"(anonymous_2)","decl":{"start":{"line":29,"column":18},"end":{"line":29,"column":19}},"loc":{"start":{"line":29,"column":38},"end":{"line":46,"column":1}},"line":29},"3":{"name":"(anonymous_3)","decl":{"start":{"line":48,"column":17},"end":{"line":48,"column":18}},"loc":{"start":{"line":48,"column":37},"end":{"line":61,"column":1}},"line":48},"4":{"name":"(anonymous_4)","decl":{"start":{"line":63,"column":22},"end":{"line":63,"column":23}},"loc":{"start":{"line":63,"column":42},"end":{"line":80,"column":1}},"line":63},"5":{"name":"(anonymous_5)","decl":{"start":{"line":82,"column":17},"end":{"line":82,"column":18}},"loc":{"start":{"line":82,"column":37},"end":{"line":91,"column":1}},"line":82}},"branchMap":{"0":{"loc":{"start":{"line":68,"column":4},"end":{"line":71,"column":5}},"type":"if","locations":[{"start":{"line":68,"column":4},"end":{"line":71,"column":5}},{"start":{"line":68,"column":4},"end":{"line":71,"column":5}}],"line":68}},"s":{"0":3,"1":3,"2":3,"3":5,"4":5,"5":5,"6":5,"7":5,"8":5,"9":0,"10":3,"11":1,"12":1,"13":1,"14":1,"15":0,"16":3,"17":0,"18":0,"19":0,"20":0,"21":0,"22":3,"23":0,"24":0,"25":0,"26":0,"27":0,"28":0,"29":3,"30":0,"31":0,"32":0,"33":0,"34":0,"35":0,"36":0,"37":0,"38":0,"39":3,"40":0,"41":0,"42":0,"43":0,"44":0},"f":{"0":5,"1":1,"2":0,"3":0,"4":0,"5":0},"b":{"0":[0,0]},"_coverageSchema":"1a1c01bbd47fc00a2c39e90264f33305004495a9","hash":"b5321d16601799ac93ca28d45629441df04ffb68"}
,"D:\\Pontocob\\workspace\\node\\transfeera-ws\\src\\controllers\\banks.controller.js": {"path":"D:\\Pontocob\\workspace\\node\\transfeera-ws\\src\\controllers\\banks.controller.js","statementMap":{"0":{"start":{"line":1,"column":16},"end":{"line":1,"column":52}},"1":{"start":{"line":3,"column":1},"end":{"line":12,"column":3}},"2":{"start":{"line":4,"column":2},"end":{"line":10,"column":3}},"3":{"start":{"line":5,"column":19},"end":{"line":5,"column":35}},"4":{"start":{"line":6,"column":19},"end":{"line":6,"column":48}},"5":{"start":{"line":7,"column":4},"end":{"line":7,"column":33}},"6":{"start":{"line":9,"column":4},"end":{"line":9,"column":32}}},"fnMap":{"0":{"name":"(anonymous_0)","decl":{"start":{"line":3,"column":19},"end":{"line":3,"column":20}},"loc":{"start":{"line":3,"column":39},"end":{"line":12,"column":2}},"line":3}},"branchMap":{},"s":{"0":3,"1":3,"2":1,"3":1,"4":1,"5":1,"6":0},"f":{"0":1},"b":{},"_coverageSchema":"1a1c01bbd47fc00a2c39e90264f33305004495a9","hash":"503ad9f7b54817e28f01b49a56f62aca5ae97bb0"}
,"D:\\Pontocob\\workspace\\node\\transfeera-ws\\src\\libraries\\util.js": {"path":"D:\\Pontocob\\workspace\\node\\transfeera-ws\\src\\libraries\\util.js","statementMap":{"0":{"start":{"line":1,"column":15},"end":{"line":1,"column":32}},"1":{"start":{"line":3,"column":0},"end":{"line":79,"column":2}},"2":{"start":{"line":6,"column":4},"end":{"line":7,"column":18}},"3":{"start":{"line":7,"column":6},"end":{"line":7,"column":18}},"4":{"start":{"line":9,"column":30},"end":{"line":9,"column":41}},"5":{"start":{"line":10,"column":31},"end":{"line":10,"column":35}},"6":{"start":{"line":12,"column":4},"end":{"line":13,"column":19}},"7":{"start":{"line":13,"column":6},"end":{"line":13,"column":19}},"8":{"start":{"line":14,"column":4},"end":{"line":14,"column":16}},"9":{"start":{"line":17,"column":4},"end":{"line":18,"column":19}},"10":{"start":{"line":18,"column":6},"end":{"line":18,"column":19}},"11":{"start":{"line":19,"column":16},"end":{"line":19,"column":40}},"12":{"start":{"line":20,"column":4},"end":{"line":21,"column":18}},"13":{"start":{"line":21,"column":6},"end":{"line":21,"column":18}},"14":{"start":{"line":22,"column":4},"end":{"line":22,"column":17}},"15":{"start":{"line":25,"column":4},"end":{"line":26,"column":19}},"16":{"start":{"line":26,"column":6},"end":{"line":26,"column":19}},"17":{"start":{"line":27,"column":19},"end":{"line":27,"column":43}},"18":{"start":{"line":28,"column":4},"end":{"line":29,"column":18}},"19":{"start":{"line":29,"column":6},"end":{"line":29,"column":18}},"20":{"start":{"line":30,"column":4},"end":{"line":30,"column":17}},"21":{"start":{"line":33,"column":4},"end":{"line":34,"column":19}},"22":{"start":{"line":34,"column":6},"end":{"line":34,"column":19}},"23":{"start":{"line":35,"column":19},"end":{"line":35,"column":43}},"24":{"start":{"line":36,"column":4},"end":{"line":37,"column":18}},"25":{"start":{"line":37,"column":6},"end":{"line":37,"column":18}},"26":{"start":{"line":38,"column":4},"end":{"line":38,"column":17}},"27":{"start":{"line":41,"column":23},"end":{"line":41,"column":75}},"28":{"start":{"line":42,"column":4},"end":{"line":42,"column":22}},"29":{"start":{"line":46,"column":24},"end":{"line":46,"column":50}},"30":{"start":{"line":47,"column":30},"end":{"line":47,"column":46}},"31":{"start":{"line":49,"column":27},"end":{"line":49,"column":54}},"32":{"start":{"line":50,"column":33},"end":{"line":50,"column":47}},"33":{"start":{"line":52,"column":4},"end":{"line":56,"column":5}},"34":{"start":{"line":53,"column":7},"end":{"line":53,"column":77}},"35":{"start":{"line":55,"column":7},"end":{"line":55,"column":83}},"36":{"start":{"line":61,"column":23},"end":{"line":61,"column":49}},"37":{"start":{"line":62,"column":29},"end":{"line":62,"column":55}},"38":{"start":{"line":64,"column":26},"end":{"line":64,"column":52}},"39":{"start":{"line":65,"column":32},"end":{"line":65,"column":48}},"40":{"start":{"line":67,"column":4},"end":{"line":71,"column":5}},"41":{"start":{"line":68,"column":8},"end":{"line":68,"column":75}},"42":{"start":{"line":70,"column":6},"end":{"line":70,"column":79}},"43":{"start":{"line":75,"column":15},"end":{"line":75,"column":166}},"44":{"start":{"line":76,"column":4},"end":{"line":76,"column":48}}},"fnMap":{"0":{"name":"(anonymous_0)","decl":{"start":{"line":5,"column":11},"end":{"line":5,"column":12}},"loc":{"start":{"line":5,"column":21},"end":{"line":15,"column":3}},"line":5},"1":{"name":"(anonymous_1)","decl":{"start":{"line":16,"column":9},"end":{"line":16,"column":10}},"loc":{"start":{"line":16,"column":19},"end":{"line":23,"column":3}},"line":16},"2":{"name":"(anonymous_2)","decl":{"start":{"line":24,"column":12},"end":{"line":24,"column":13}},"loc":{"start":{"line":24,"column":22},"end":{"line":31,"column":3}},"line":24},"3":{"name":"(anonymous_3)","decl":{"start":{"line":32,"column":13},"end":{"line":32,"column":14}},"loc":{"start":{"line":32,"column":23},"end":{"line":39,"column":3}},"line":32},"4":{"name":"(anonymous_4)","decl":{"start":{"line":40,"column":12},"end":{"line":40,"column":13}},"loc":{"start":{"line":40,"column":41},"end":{"line":43,"column":3}},"line":40},"5":{"name":"(anonymous_5)","decl":{"start":{"line":45,"column":19},"end":{"line":45,"column":20}},"loc":{"start":{"line":45,"column":48},"end":{"line":57,"column":3}},"line":45},"6":{"name":"(anonymous_6)","decl":{"start":{"line":59,"column":18},"end":{"line":59,"column":19}},"loc":{"start":{"line":59,"column":46},"end":{"line":72,"column":3}},"line":59},"7":{"name":"(anonymous_7)","decl":{"start":{"line":74,"column":17},"end":{"line":74,"column":18}},"loc":{"start":{"line":74,"column":28},"end":{"line":77,"column":3}},"line":74}},"branchMap":{"0":{"loc":{"start":{"line":6,"column":4},"end":{"line":7,"column":18}},"type":"if","locations":[{"start":{"line":6,"column":4},"end":{"line":7,"column":18}},{"start":{"line":6,"column":4},"end":{"line":7,"column":18}}],"line":6},"1":{"loc":{"start":{"line":6,"column":7},"end":{"line":6,"column":43}},"type":"binary-expr","locations":[{"start":{"line":6,"column":7},"end":{"line":6,"column":26}},{"start":{"line":6,"column":30},"end":{"line":6,"column":43}}],"line":6},"2":{"loc":{"start":{"line":12,"column":4},"end":{"line":13,"column":19}},"type":"if","locations":[{"start":{"line":12,"column":4},"end":{"line":13,"column":19}},{"start":{"line":12,"column":4},"end":{"line":13,"column":19}}],"line":12},"3":{"loc":{"start":{"line":12,"column":7},"end":{"line":12,"column":73}},"type":"binary-expr","locations":[{"start":{"line":12,"column":7},"end":{"line":12,"column":38}},{"start":{"line":12,"column":42},"end":{"line":12,"column":73}}],"line":12},"4":{"loc":{"start":{"line":17,"column":4},"end":{"line":18,"column":19}},"type":"if","locations":[{"start":{"line":17,"column":4},"end":{"line":18,"column":19}},{"start":{"line":17,"column":4},"end":{"line":18,"column":19}}],"line":17},"5":{"loc":{"start":{"line":17,"column":7},"end":{"line":17,"column":43}},"type":"binary-expr","locations":[{"start":{"line":17,"column":7},"end":{"line":17,"column":26}},{"start":{"line":17,"column":30},"end":{"line":17,"column":43}}],"line":17},"6":{"loc":{"start":{"line":20,"column":4},"end":{"line":21,"column":18}},"type":"if","locations":[{"start":{"line":20,"column":4},"end":{"line":21,"column":18}},{"start":{"line":20,"column":4},"end":{"line":21,"column":18}}],"line":20},"7":{"loc":{"start":{"line":20,"column":7},"end":{"line":20,"column":43}},"type":"binary-expr","locations":[{"start":{"line":20,"column":7},"end":{"line":20,"column":23}},{"start":{"line":20,"column":27},"end":{"line":20,"column":43}}],"line":20},"8":{"loc":{"start":{"line":25,"column":4},"end":{"line":26,"column":19}},"type":"if","locations":[{"start":{"line":25,"column":4},"end":{"line":26,"column":19}},{"start":{"line":25,"column":4},"end":{"line":26,"column":19}}],"line":25},"9":{"loc":{"start":{"line":25,"column":7},"end":{"line":25,"column":43}},"type":"binary-expr","locations":[{"start":{"line":25,"column":7},"end":{"line":25,"column":26}},{"start":{"line":25,"column":30},"end":{"line":25,"column":43}}],"line":25},"10":{"loc":{"start":{"line":28,"column":4},"end":{"line":29,"column":18}},"type":"if","locations":[{"start":{"line":28,"column":4},"end":{"line":29,"column":18}},{"start":{"line":28,"column":4},"end":{"line":29,"column":18}}],"line":28},"11":{"loc":{"start":{"line":33,"column":4},"end":{"line":34,"column":19}},"type":"if","locations":[{"start":{"line":33,"column":4},"end":{"line":34,"column":19}},{"start":{"line":33,"column":4},"end":{"line":34,"column":19}}],"line":33},"12":{"loc":{"start":{"line":33,"column":7},"end":{"line":33,"column":43}},"type":"binary-expr","locations":[{"start":{"line":33,"column":7},"end":{"line":33,"column":26}},{"start":{"line":33,"column":30},"end":{"line":33,"column":43}}],"line":33},"13":{"loc":{"start":{"line":36,"column":4},"end":{"line":37,"column":18}},"type":"if","locations":[{"start":{"line":36,"column":4},"end":{"line":37,"column":18}},{"start":{"line":36,"column":4},"end":{"line":37,"column":18}}],"line":36},"14":{"loc":{"start":{"line":52,"column":4},"end":{"line":56,"column":5}},"type":"if","locations":[{"start":{"line":52,"column":4},"end":{"line":56,"column":5}},{"start":{"line":52,"column":4},"end":{"line":56,"column":5}}],"line":52},"15":{"loc":{"start":{"line":53,"column":15},"end":{"line":53,"column":75}},"type":"binary-expr","locations":[{"start":{"line":53,"column":16},"end":{"line":53,"column":40}},{"start":{"line":53,"column":46},"end":{"line":53,"column":74}}],"line":53},"16":{"loc":{"start":{"line":55,"column":15},"end":{"line":55,"column":81}},"type":"binary-expr","locations":[{"start":{"line":55,"column":16},"end":{"line":55,"column":43}},{"start":{"line":55,"column":49},"end":{"line":55,"column":80}}],"line":55},"17":{"loc":{"start":{"line":67,"column":4},"end":{"line":71,"column":5}},"type":"if","locations":[{"start":{"line":67,"column":4},"end":{"line":71,"column":5}},{"start":{"line":67,"column":4},"end":{"line":71,"column":5}}],"line":67},"18":{"loc":{"start":{"line":68,"column":16},"end":{"line":68,"column":73}},"type":"binary-expr","locations":[{"start":{"line":68,"column":17},"end":{"line":68,"column":39}},{"start":{"line":68,"column":45},"end":{"line":68,"column":72}}],"line":68},"19":{"loc":{"start":{"line":70,"column":14},"end":{"line":70,"column":77}},"type":"binary-expr","locations":[{"start":{"line":70,"column":15},"end":{"line":70,"column":40}},{"start":{"line":70,"column":46},"end":{"line":70,"column":76}}],"line":70}},"s":{"0":4,"1":4,"2":4,"3":2,"4":2,"5":2,"6":2,"7":1,"8":1,"9":7,"10":3,"11":4,"12":4,"13":2,"14":2,"15":4,"16":2,"17":2,"18":2,"19":1,"20":1,"21":4,"22":2,"23":2,"24":2,"25":0,"26":2,"27":0,"28":0,"29":6,"30":6,"31":6,"32":6,"33":6,"34":2,"35":4,"36":6,"37":6,"38":6,"39":6,"40":6,"41":2,"42":4,"43":6,"44":6},"f":{"0":4,"1":7,"2":4,"3":4,"4":0,"5":6,"6":6,"7":6},"b":{"0":[2,2],"1":[4,3],"2":[1,1],"3":[2,1],"4":[3,4],"5":[7,6],"6":[2,2],"7":[4,2],"8":[2,2],"9":[4,3],"10":[1,1],"11":[2,2],"12":[4,3],"13":[0,2],"14":[2,4],"15":[2,1],"16":[4,2],"17":[2,4],"18":[2,1],"19":[4,2]},"_coverageSchema":"1a1c01bbd47fc00a2c39e90264f33305004495a9","hash":"b9c2770c814da9dfceef584adef7db674e766ade"}
,"D:\\Pontocob\\workspace\\node\\transfeera-ws\\src\\models\\AccountType.js": {"path":"D:\\Pontocob\\workspace\\node\\transfeera-ws\\src\\models\\AccountType.js","statementMap":{"0":{"start":{"line":4,"column":4},"end":{"line":4,"column":24}},"1":{"start":{"line":5,"column":0},"end":{"line":38,"column":2}},"2":{"start":{"line":12,"column":2},"end":{"line":36,"column":5}},"3":{"start":{"line":37,"column":2},"end":{"line":37,"column":21}}},"fnMap":{"0":{"name":"(anonymous_0)","decl":{"start":{"line":5,"column":17},"end":{"line":5,"column":18}},"loc":{"start":{"line":5,"column":43},"end":{"line":38,"column":1}},"line":5},"1":{"name":"(anonymous_1)","decl":{"start":{"line":8,"column":4},"end":{"line":8,"column":5}},"loc":{"start":{"line":8,"column":29},"end":{"line":10,"column":5}},"line":8}},"branchMap":{},"s":{"0":3,"1":3,"2":3,"3":3},"f":{"0":3,"1":3},"b":{},"_coverageSchema":"1a1c01bbd47fc00a2c39e90264f33305004495a9","hash":"ec00f315f742e28f1c86429c7584290196d94f8d"}
,"D:\\Pontocob\\workspace\\node\\transfeera-ws\\src\\models\\Bank.js": {"path":"D:\\Pontocob\\workspace\\node\\transfeera-ws\\src\\models\\Bank.js","statementMap":{"0":{"start":{"line":4,"column":4},"end":{"line":4,"column":24}},"1":{"start":{"line":5,"column":0},"end":{"line":42,"column":2}},"2":{"start":{"line":12,"column":2},"end":{"line":40,"column":5}},"3":{"start":{"line":41,"column":2},"end":{"line":41,"column":14}}},"fnMap":{"0":{"name":"(anonymous_0)","decl":{"start":{"line":5,"column":17},"end":{"line":5,"column":18}},"loc":{"start":{"line":5,"column":43},"end":{"line":42,"column":1}},"line":5},"1":{"name":"(anonymous_1)","decl":{"start":{"line":8,"column":4},"end":{"line":8,"column":5}},"loc":{"start":{"line":8,"column":29},"end":{"line":10,"column":5}},"line":8}},"branchMap":{},"s":{"0":3,"1":3,"2":3,"3":3},"f":{"0":3,"1":3},"b":{},"_coverageSchema":"1a1c01bbd47fc00a2c39e90264f33305004495a9","hash":"1618ecdd71852cdbe1e8f695e6b6361528b5677f"}
,"D:\\Pontocob\\workspace\\node\\transfeera-ws\\src\\models\\BankAccountHolder.js": {"path":"D:\\Pontocob\\workspace\\node\\transfeera-ws\\src\\models\\BankAccountHolder.js","statementMap":{"0":{"start":{"line":4,"column":4},"end":{"line":4,"column":24}},"1":{"start":{"line":5,"column":0},"end":{"line":70,"column":2}},"2":{"start":{"line":12,"column":2},"end":{"line":68,"column":5}},"3":{"start":{"line":69,"column":2},"end":{"line":69,"column":27}}},"fnMap":{"0":{"name":"(anonymous_0)","decl":{"start":{"line":5,"column":17},"end":{"line":5,"column":18}},"loc":{"start":{"line":5,"column":43},"end":{"line":70,"column":1}},"line":5},"1":{"name":"(anonymous_1)","decl":{"start":{"line":8,"column":4},"end":{"line":8,"column":5}},"loc":{"start":{"line":8,"column":29},"end":{"line":10,"column":5}},"line":8}},"branchMap":{},"s":{"0":3,"1":3,"2":3,"3":3},"f":{"0":3,"1":3},"b":{},"_coverageSchema":"1a1c01bbd47fc00a2c39e90264f33305004495a9","hash":"3674a46af54a4dc374f5eb68536a09eeb75f71ed"}
,"D:\\Pontocob\\workspace\\node\\transfeera-ws\\src\\models\\index.js": {"path":"D:\\Pontocob\\workspace\\node\\transfeera-ws\\src\\models\\index.js","statementMap":{"0":{"start":{"line":3,"column":11},"end":{"line":3,"column":24}},"1":{"start":{"line":4,"column":13},"end":{"line":4,"column":28}},"2":{"start":{"line":5,"column":18},"end":{"line":5,"column":38}},"3":{"start":{"line":6,"column":17},"end":{"line":6,"column":42}},"4":{"start":{"line":7,"column":12},"end":{"line":7,"column":49}},"5":{"start":{"line":8,"column":15},"end":{"line":8,"column":58}},"6":{"start":{"line":9,"column":11},"end":{"line":9,"column":13}},"7":{"start":{"line":12,"column":0},"end":{"line":16,"column":1}},"8":{"start":{"line":13,"column":2},"end":{"line":13,"column":74}},"9":{"start":{"line":15,"column":2},"end":{"line":15,"column":87}},"10":{"start":{"line":18,"column":0},"end":{"line":26,"column":5}},"11":{"start":{"line":21,"column":4},"end":{"line":21,"column":90}},"12":{"start":{"line":24,"column":18},"end":{"line":24,"column":85}},"13":{"start":{"line":25,"column":4},"end":{"line":25,"column":27}},"14":{"start":{"line":28,"column":0},"end":{"line":32,"column":3}},"15":{"start":{"line":29,"column":2},"end":{"line":31,"column":3}},"16":{"start":{"line":30,"column":4},"end":{"line":30,"column":32}},"17":{"start":{"line":34,"column":0},"end":{"line":34,"column":25}},"18":{"start":{"line":35,"column":0},"end":{"line":35,"column":25}},"19":{"start":{"line":37,"column":0},"end":{"line":37,"column":20}}},"fnMap":{"0":{"name":"(anonymous_0)","decl":{"start":{"line":20,"column":10},"end":{"line":20,"column":11}},"loc":{"start":{"line":20,"column":18},"end":{"line":22,"column":3}},"line":20},"1":{"name":"(anonymous_1)","decl":{"start":{"line":23,"column":11},"end":{"line":23,"column":12}},"loc":{"start":{"line":23,"column":19},"end":{"line":26,"column":3}},"line":23},"2":{"name":"(anonymous_2)","decl":{"start":{"line":28,"column":24},"end":{"line":28,"column":25}},"loc":{"start":{"line":28,"column":37},"end":{"line":32,"column":1}},"line":28}},"branchMap":{"0":{"loc":{"start":{"line":7,"column":12},"end":{"line":7,"column":49}},"type":"binary-expr","locations":[{"start":{"line":7,"column":12},"end":{"line":7,"column":32}},{"start":{"line":7,"column":36},"end":{"line":7,"column":49}}],"line":7},"1":{"loc":{"start":{"line":12,"column":0},"end":{"line":16,"column":1}},"type":"if","locations":[{"start":{"line":12,"column":0},"end":{"line":16,"column":1}},{"start":{"line":12,"column":0},"end":{"line":16,"column":1}}],"line":12},"2":{"loc":{"start":{"line":21,"column":11},"end":{"line":21,"column":89}},"type":"binary-expr","locations":[{"start":{"line":21,"column":12},"end":{"line":21,"column":35}},{"start":{"line":21,"column":41},"end":{"line":21,"column":58}},{"start":{"line":21,"column":64},"end":{"line":21,"column":88}}],"line":21},"3":{"loc":{"start":{"line":29,"column":2},"end":{"line":31,"column":3}},"type":"if","locations":[{"start":{"line":29,"column":2},"end":{"line":31,"column":3}},{"start":{"line":29,"column":2},"end":{"line":31,"column":3}}],"line":29}},"s":{"0":3,"1":3,"2":3,"3":3,"4":3,"5":3,"6":3,"7":3,"8":0,"9":3,"10":3,"11":12,"12":9,"13":9,"14":3,"15":9,"16":9,"17":3,"18":3,"19":3},"f":{"0":12,"1":9,"2":9},"b":{"0":[3,0],"1":[0,3],"2":[12,12,9],"3":[9,0]},"_coverageSchema":"1a1c01bbd47fc00a2c39e90264f33305004495a9","hash":"0e939fcbec9fb678a282e58156c79112d75e32c4"}
,"D:\\Pontocob\\workspace\\node\\transfeera-ws\\src\\repositories\\accountstype.repository.js": {"path":"D:\\Pontocob\\workspace\\node\\transfeera-ws\\src\\repositories\\accountstype.repository.js","statementMap":{"0":{"start":{"line":1,"column":24},"end":{"line":1,"column":44}},"1":{"start":{"line":3,"column":0},"end":{"line":5,"column":3}},"2":{"start":{"line":4,"column":2},"end":{"line":4,"column":31}}},"fnMap":{"0":{"name":"(anonymous_0)","decl":{"start":{"line":3,"column":18},"end":{"line":3,"column":19}},"loc":{"start":{"line":3,"column":30},"end":{"line":5,"column":2}},"line":3}},"branchMap":{},"s":{"0":3,"1":3,"2":1},"f":{"0":1},"b":{},"_coverageSchema":"1a1c01bbd47fc00a2c39e90264f33305004495a9","hash":"959618247e01d0d20a88adc08c16e35bda262cb7"}
,"D:\\Pontocob\\workspace\\node\\transfeera-ws\\src\\repositories\\banks.accountholder.repository.js": {"path":"D:\\Pontocob\\workspace\\node\\transfeera-ws\\src\\repositories\\banks.accountholder.repository.js","statementMap":{"0":{"start":{"line":1,"column":30},"end":{"line":1,"column":50}},"1":{"start":{"line":2,"column":15},"end":{"line":2,"column":35}},"2":{"start":{"line":3,"column":13},"end":{"line":3,"column":41}},"3":{"start":{"line":5,"column":0},"end":{"line":26,"column":2}},"4":{"start":{"line":7,"column":0},"end":{"line":11,"column":1}},"5":{"start":{"line":8,"column":4},"end":{"line":10,"column":7}},"6":{"start":{"line":12,"column":17},"end":{"line":12,"column":35}},"7":{"start":{"line":13,"column":2},"end":{"line":25,"column":4}},"8":{"start":{"line":28,"column":1},"end":{"line":30,"column":4}},"9":{"start":{"line":29,"column":4},"end":{"line":29,"column":42}},"10":{"start":{"line":32,"column":1},"end":{"line":47,"column":2}},"11":{"start":{"line":35,"column":16},"end":{"line":44,"column":31}},"12":{"start":{"line":45,"column":4},"end":{"line":45,"column":16}},"13":{"start":{"line":49,"column":0},"end":{"line":65,"column":2}},"14":{"start":{"line":51,"column":12},"end":{"line":51,"column":42}},"15":{"start":{"line":53,"column":2},"end":{"line":53,"column":26}},"16":{"start":{"line":54,"column":2},"end":{"line":54,"column":24}},"17":{"start":{"line":55,"column":2},"end":{"line":55,"column":28}},"18":{"start":{"line":56,"column":2},"end":{"line":56,"column":30}},"19":{"start":{"line":57,"column":2},"end":{"line":57,"column":40}},"20":{"start":{"line":58,"column":2},"end":{"line":58,"column":32}},"21":{"start":{"line":59,"column":2},"end":{"line":59,"column":42}},"22":{"start":{"line":60,"column":2},"end":{"line":60,"column":34}},"23":{"start":{"line":61,"column":2},"end":{"line":61,"column":48}},"24":{"start":{"line":62,"column":2},"end":{"line":62,"column":30}},"25":{"start":{"line":63,"column":2},"end":{"line":63,"column":13}},"26":{"start":{"line":67,"column":0},"end":{"line":73,"column":2}},"27":{"start":{"line":69,"column":12},"end":{"line":69,"column":42}},"28":{"start":{"line":70,"column":2},"end":{"line":70,"column":20}},"29":{"start":{"line":71,"column":2},"end":{"line":71,"column":13}},"30":{"start":{"line":72,"column":2},"end":{"line":72,"column":14}},"31":{"start":{"line":75,"column":0},"end":{"line":82,"column":2}},"32":{"start":{"line":76,"column":2},"end":{"line":80,"column":4}},"33":{"start":{"line":81,"column":2},"end":{"line":81,"column":14}}},"fnMap":{"0":{"name":"(anonymous_0)","decl":{"start":{"line":5,"column":18},"end":{"line":5,"column":19}},"loc":{"start":{"line":5,"column":36},"end":{"line":26,"column":1}},"line":5},"1":{"name":"(anonymous_1)","decl":{"start":{"line":28,"column":20},"end":{"line":28,"column":21}},"loc":{"start":{"line":28,"column":34},"end":{"line":30,"column":3}},"line":28},"2":{"name":"(anonymous_2)","decl":{"start":{"line":32,"column":18},"end":{"line":32,"column":19}},"loc":{"start":{"line":32,"column":37},"end":{"line":47,"column":1}},"line":32},"3":{"name":"(anonymous_3)","decl":{"start":{"line":49,"column":17},"end":{"line":49,"column":18}},"loc":{"start":{"line":49,"column":39},"end":{"line":65,"column":1}},"line":49},"4":{"name":"(anonymous_4)","decl":{"start":{"line":67,"column":22},"end":{"line":67,"column":23}},"loc":{"start":{"line":67,"column":43},"end":{"line":73,"column":1}},"line":67},"5":{"name":"(anonymous_5)","decl":{"start":{"line":75,"column":17},"end":{"line":75,"column":18}},"loc":{"start":{"line":75,"column":31},"end":{"line":82,"column":1}},"line":75}},"branchMap":{"0":{"loc":{"start":{"line":7,"column":0},"end":{"line":11,"column":1}},"type":"if","locations":[{"start":{"line":7,"column":0},"end":{"line":11,"column":1}},{"start":{"line":7,"column":0},"end":{"line":11,"column":1}}],"line":7},"1":{"loc":{"start":{"line":7,"column":3},"end":{"line":7,"column":55}},"type":"binary-expr","locations":[{"start":{"line":7,"column":3},"end":{"line":7,"column":22}},{"start":{"line":7,"column":26},"end":{"line":7,"column":38}},{"start":{"line":7,"column":41},"end":{"line":7,"column":55}}],"line":7}},"s":{"0":3,"1":3,"2":3,"3":3,"4":5,"5":1,"6":4,"7":4,"8":3,"9":1,"10":3,"11":0,"12":0,"13":3,"14":0,"15":0,"16":0,"17":0,"18":0,"19":0,"20":0,"21":0,"22":0,"23":0,"24":0,"25":0,"26":3,"27":0,"28":0,"29":0,"30":0,"31":3,"32":0,"33":0},"f":{"0":5,"1":1,"2":0,"3":0,"4":0,"5":0},"b":{"0":[1,4],"1":[5,4,4]},"_coverageSchema":"1a1c01bbd47fc00a2c39e90264f33305004495a9","hash":"bc074bcbd5013d428c2a43cc4f1568d46fd51389"}
,"D:\\Pontocob\\workspace\\node\\transfeera-ws\\src\\repositories\\banks.repository.js": {"path":"D:\\Pontocob\\workspace\\node\\transfeera-ws\\src\\repositories\\banks.repository.js","statementMap":{"0":{"start":{"line":1,"column":17},"end":{"line":1,"column":37}},"1":{"start":{"line":2,"column":15},"end":{"line":2,"column":35}},"2":{"start":{"line":4,"column":0},"end":{"line":23,"column":2}},"3":{"start":{"line":6,"column":2},"end":{"line":10,"column":3}},"4":{"start":{"line":7,"column":4},"end":{"line":9,"column":7}},"5":{"start":{"line":12,"column":18},"end":{"line":12,"column":36}},"6":{"start":{"line":13,"column":3},"end":{"line":22,"column":5}}},"fnMap":{"0":{"name":"(anonymous_0)","decl":{"start":{"line":4,"column":18},"end":{"line":4,"column":19}},"loc":{"start":{"line":4,"column":36},"end":{"line":23,"column":1}},"line":4}},"branchMap":{"0":{"loc":{"start":{"line":6,"column":2},"end":{"line":10,"column":3}},"type":"if","locations":[{"start":{"line":6,"column":2},"end":{"line":10,"column":3}},{"start":{"line":6,"column":2},"end":{"line":10,"column":3}}],"line":6},"1":{"loc":{"start":{"line":6,"column":5},"end":{"line":6,"column":57}},"type":"binary-expr","locations":[{"start":{"line":6,"column":5},"end":{"line":6,"column":24}},{"start":{"line":6,"column":28},"end":{"line":6,"column":40}},{"start":{"line":6,"column":43},"end":{"line":6,"column":57}}],"line":6}},"s":{"0":3,"1":3,"2":3,"3":1,"4":1,"5":0,"6":0},"f":{"0":1},"b":{"0":[1,0],"1":[1,0,0]},"_coverageSchema":"1a1c01bbd47fc00a2c39e90264f33305004495a9","hash":"fe98b5cd5f34ccbb6aba559643fa8844c39ea5e0"}
,"D:\\Pontocob\\workspace\\node\\transfeera-ws\\src\\routes\\accountstype.routes.js": {"path":"D:\\Pontocob\\workspace\\node\\transfeera-ws\\src\\routes\\accountstype.routes.js","statementMap":{"0":{"start":{"line":2,"column":16},"end":{"line":2,"column":51}},"1":{"start":{"line":3,"column":32},"end":{"line":3,"column":81}},"2":{"start":{"line":5,"column":1},"end":{"line":5,"column":49}},"3":{"start":{"line":7,"column":1},"end":{"line":7,"column":25}}},"fnMap":{},"branchMap":{},"s":{"0":3,"1":3,"2":3,"3":3},"f":{},"b":{},"_coverageSchema":"1a1c01bbd47fc00a2c39e90264f33305004495a9","hash":"a4ccba141ee18a99a363a25a500bedca13887e61"}
,"D:\\Pontocob\\workspace\\node\\transfeera-ws\\src\\routes\\banks.accountholder.routes.js": {"path":"D:\\Pontocob\\workspace\\node\\transfeera-ws\\src\\routes\\banks.accountholder.routes.js","statementMap":{"0":{"start":{"line":2,"column":16},"end":{"line":2,"column":51}},"1":{"start":{"line":3,"column":38},"end":{"line":3,"column":94}},"2":{"start":{"line":4,"column":17},"end":{"line":4,"column":72}},"3":{"start":{"line":5,"column":13},"end":{"line":5,"column":27}},"4":{"start":{"line":7,"column":1},"end":{"line":7,"column":55}},"5":{"start":{"line":9,"column":1},"end":{"line":9,"column":59}},"6":{"start":{"line":11,"column":1},"end":{"line":20,"column":5}},"7":{"start":{"line":13,"column":19},"end":{"line":13,"column":54}},"8":{"start":{"line":14,"column":4},"end":{"line":18,"column":5}},"9":{"start":{"line":15,"column":6},"end":{"line":15,"column":75}},"10":{"start":{"line":17,"column":6},"end":{"line":17,"column":52}},"11":{"start":{"line":22,"column":1},"end":{"line":30,"column":5}},"12":{"start":{"line":24,"column":19},"end":{"line":24,"column":54}},"13":{"start":{"line":25,"column":4},"end":{"line":29,"column":5}},"14":{"start":{"line":26,"column":8},"end":{"line":26,"column":77}},"15":{"start":{"line":28,"column":6},"end":{"line":28,"column":52}},"16":{"start":{"line":32,"column":1},"end":{"line":40,"column":5}},"17":{"start":{"line":34,"column":19},"end":{"line":34,"column":58}},"18":{"start":{"line":35,"column":4},"end":{"line":39,"column":5}},"19":{"start":{"line":36,"column":6},"end":{"line":36,"column":75}},"20":{"start":{"line":38,"column":5},"end":{"line":38,"column":56}},"21":{"start":{"line":42,"column":1},"end":{"line":42,"column":60}},"22":{"start":{"line":44,"column":1},"end":{"line":44,"column":25}}},"fnMap":{"0":{"name":"(anonymous_0)","decl":{"start":{"line":11,"column":18},"end":{"line":11,"column":19}},"loc":{"start":{"line":11,"column":38},"end":{"line":20,"column":3}},"line":11},"1":{"name":"(anonymous_1)","decl":{"start":{"line":22,"column":21},"end":{"line":22,"column":22}},"loc":{"start":{"line":22,"column":41},"end":{"line":30,"column":3}},"line":22},"2":{"name":"(anonymous_2)","decl":{"start":{"line":32,"column":31},"end":{"line":32,"column":32}},"loc":{"start":{"line":32,"column":51},"end":{"line":40,"column":3}},"line":32}},"branchMap":{"0":{"loc":{"start":{"line":14,"column":4},"end":{"line":18,"column":5}},"type":"if","locations":[{"start":{"line":14,"column":4},"end":{"line":18,"column":5}},{"start":{"line":14,"column":4},"end":{"line":18,"column":5}}],"line":14},"1":{"loc":{"start":{"line":25,"column":4},"end":{"line":29,"column":5}},"type":"if","locations":[{"start":{"line":25,"column":4},"end":{"line":29,"column":5}},{"start":{"line":25,"column":4},"end":{"line":29,"column":5}}],"line":25},"2":{"loc":{"start":{"line":35,"column":4},"end":{"line":39,"column":5}},"type":"if","locations":[{"start":{"line":35,"column":4},"end":{"line":39,"column":5}},{"start":{"line":35,"column":4},"end":{"line":39,"column":5}}],"line":35}},"s":{"0":3,"1":3,"2":3,"3":3,"4":3,"5":3,"6":3,"7":0,"8":0,"9":0,"10":0,"11":3,"12":0,"13":0,"14":0,"15":0,"16":3,"17":0,"18":0,"19":0,"20":0,"21":3,"22":3},"f":{"0":0,"1":0,"2":0},"b":{"0":[0,0],"1":[0,0],"2":[0,0]},"_coverageSchema":"1a1c01bbd47fc00a2c39e90264f33305004495a9","hash":"9d0adb0ab1c4e8f2cc241517ce78a15f63ea4fd8"}
,"D:\\Pontocob\\workspace\\node\\transfeera-ws\\src\\routes\\banks.routes.js": {"path":"D:\\Pontocob\\workspace\\node\\transfeera-ws\\src\\routes\\banks.routes.js","statementMap":{"0":{"start":{"line":2,"column":16},"end":{"line":2,"column":51}},"1":{"start":{"line":3,"column":25},"end":{"line":3,"column":67}},"2":{"start":{"line":5,"column":1},"end":{"line":5,"column":42}},"3":{"start":{"line":7,"column":1},"end":{"line":7,"column":25}}},"fnMap":{},"branchMap":{},"s":{"0":3,"1":3,"2":3,"3":3},"f":{},"b":{},"_coverageSchema":"1a1c01bbd47fc00a2c39e90264f33305004495a9","hash":"b67bf34a7469b56b23a95ba951618756dc1d9e56"}
,"D:\\Pontocob\\workspace\\node\\transfeera-ws\\src\\routes\\schema\\banks.accountholder.schema.js": {"path":"D:\\Pontocob\\workspace\\node\\transfeera-ws\\src\\routes\\schema\\banks.accountholder.schema.js","statementMap":{"0":{"start":{"line":1,"column":12},"end":{"line":1,"column":26}},"1":{"start":{"line":3,"column":0},"end":{"line":94,"column":2}},"2":{"start":{"line":6,"column":8},"end":{"line":9,"column":26}},"3":{"start":{"line":12,"column":8},"end":{"line":50,"column":11}},"4":{"start":{"line":54,"column":8},"end":{"line":92,"column":11}}},"fnMap":{"0":{"name":"(anonymous_0)","decl":{"start":{"line":5,"column":17},"end":{"line":5,"column":18}},"loc":{"start":{"line":5,"column":22},"end":{"line":10,"column":7}},"line":5},"1":{"name":"(anonymous_1)","decl":{"start":{"line":11,"column":14},"end":{"line":11,"column":15}},"loc":{"start":{"line":11,"column":19},"end":{"line":51,"column":7}},"line":11},"2":{"name":"(anonymous_2)","decl":{"start":{"line":53,"column":14},"end":{"line":53,"column":15}},"loc":{"start":{"line":53,"column":19},"end":{"line":93,"column":7}},"line":53}},"branchMap":{},"s":{"0":3,"1":3,"2":0,"3":0,"4":0},"f":{"0":0,"1":0,"2":0},"b":{},"_coverageSchema":"1a1c01bbd47fc00a2c39e90264f33305004495a9","hash":"1a7dca0f81e9d1ffce3c1f84eeb6f3ba6d6e92b3"}
,"D:\\Pontocob\\workspace\\node\\transfeera-ws\\src\\services\\accountstype.service.js": {"path":"D:\\Pontocob\\workspace\\node\\transfeera-ws\\src\\services\\accountstype.service.js","statementMap":{"0":{"start":{"line":1,"column":19},"end":{"line":1,"column":69}},"1":{"start":{"line":3,"column":0},"end":{"line":5,"column":2}},"2":{"start":{"line":4,"column":2},"end":{"line":4,"column":30}}},"fnMap":{"0":{"name":"(anonymous_0)","decl":{"start":{"line":3,"column":18},"end":{"line":3,"column":19}},"loc":{"start":{"line":3,"column":30},"end":{"line":5,"column":1}},"line":3}},"branchMap":{},"s":{"0":3,"1":3,"2":1},"f":{"0":1},"b":{},"_coverageSchema":"1a1c01bbd47fc00a2c39e90264f33305004495a9","hash":"1ba01209b0d018df322fd5ef9311c7c1f103ce16"}
,"D:\\Pontocob\\workspace\\node\\transfeera-ws\\src\\services\\banks.accountholder.service.js": {"path":"D:\\Pontocob\\workspace\\node\\transfeera-ws\\src\\services\\banks.accountholder.service.js","statementMap":{"0":{"start":{"line":1,"column":19},"end":{"line":1,"column":76}},"1":{"start":{"line":3,"column":0},"end":{"line":5,"column":2}},"2":{"start":{"line":4,"column":2},"end":{"line":4,"column":36}},"3":{"start":{"line":7,"column":1},"end":{"line":9,"column":4}},"4":{"start":{"line":8,"column":4},"end":{"line":8,"column":35}},"5":{"start":{"line":11,"column":1},"end":{"line":13,"column":2}},"6":{"start":{"line":12,"column":2},"end":{"line":12,"column":29}},"7":{"start":{"line":15,"column":0},"end":{"line":17,"column":2}},"8":{"start":{"line":16,"column":2},"end":{"line":16,"column":32}},"9":{"start":{"line":19,"column":0},"end":{"line":21,"column":2}},"10":{"start":{"line":20,"column":2},"end":{"line":20,"column":36}},"11":{"start":{"line":23,"column":0},"end":{"line":25,"column":2}},"12":{"start":{"line":24,"column":2},"end":{"line":24,"column":24}}},"fnMap":{"0":{"name":"(anonymous_0)","decl":{"start":{"line":3,"column":18},"end":{"line":3,"column":19}},"loc":{"start":{"line":3,"column":36},"end":{"line":5,"column":1}},"line":3},"1":{"name":"(anonymous_1)","decl":{"start":{"line":7,"column":20},"end":{"line":7,"column":21}},"loc":{"start":{"line":7,"column":34},"end":{"line":9,"column":3}},"line":7},"2":{"name":"(anonymous_2)","decl":{"start":{"line":11,"column":18},"end":{"line":11,"column":19}},"loc":{"start":{"line":11,"column":37},"end":{"line":13,"column":1}},"line":11},"3":{"name":"(anonymous_3)","decl":{"start":{"line":15,"column":17},"end":{"line":15,"column":18}},"loc":{"start":{"line":15,"column":39},"end":{"line":17,"column":1}},"line":15},"4":{"name":"(anonymous_4)","decl":{"start":{"line":19,"column":22},"end":{"line":19,"column":23}},"loc":{"start":{"line":19,"column":43},"end":{"line":21,"column":1}},"line":19},"5":{"name":"(anonymous_5)","decl":{"start":{"line":23,"column":17},"end":{"line":23,"column":18}},"loc":{"start":{"line":23,"column":31},"end":{"line":25,"column":1}},"line":23}},"branchMap":{},"s":{"0":3,"1":3,"2":5,"3":3,"4":1,"5":3,"6":0,"7":3,"8":0,"9":3,"10":0,"11":3,"12":0},"f":{"0":5,"1":1,"2":0,"3":0,"4":0,"5":0},"b":{},"_coverageSchema":"1a1c01bbd47fc00a2c39e90264f33305004495a9","hash":"373e868bdc025253464eac3ff77a409e7603a21a"}
,"D:\\Pontocob\\workspace\\node\\transfeera-ws\\src\\services\\banks.service.js": {"path":"D:\\Pontocob\\workspace\\node\\transfeera-ws\\src\\services\\banks.service.js","statementMap":{"0":{"start":{"line":1,"column":19},"end":{"line":1,"column":62}},"1":{"start":{"line":3,"column":0},"end":{"line":5,"column":2}},"2":{"start":{"line":4,"column":2},"end":{"line":4,"column":36}}},"fnMap":{"0":{"name":"(anonymous_0)","decl":{"start":{"line":3,"column":18},"end":{"line":3,"column":19}},"loc":{"start":{"line":3,"column":36},"end":{"line":5,"column":1}},"line":3}},"branchMap":{},"s":{"0":3,"1":3,"2":1},"f":{"0":1},"b":{},"_coverageSchema":"1a1c01bbd47fc00a2c39e90264f33305004495a9","hash":"324168f6d989b775d95feca066d26a171eb6ca29"}
}
