TN:
SF:src\index.js
FNF:0
FNH:0
DA:1,3
DA:2,3
DA:3,3
DA:4,3
DA:7,3
DA:8,3
DA:9,3
DA:12,3
DA:13,3
DA:14,3
DA:15,3
DA:19,3
DA:20,3
DA:21,3
DA:23,3
DA:25,3
DA:26,3
LF:17
LH:17
BRDA:25,0,0,3
BRDA:25,0,1,0
BRF:2
BRH:1
end_of_record
TN:
SF:src\controllers\accountstype.controller.js
FN:3,(anonymous_0)
FNF:1
FNH:1
FNDA:1,(anonymous_0)
DA:1,3
DA:3,3
DA:4,1
DA:5,1
DA:6,1
DA:8,0
LF:6
LH:5
BRF:0
BRH:0
end_of_record
TN:
SF:src\controllers\banks.accountholder.controller.js
FN:4,(anonymous_0)
FN:17,(anonymous_1)
FN:29,(anonymous_2)
FN:48,(anonymous_3)
FN:63,(anonymous_4)
FN:82,(anonymous_5)
FNF:6
FNH:2
FNDA:5,(anonymous_0)
FNDA:1,(anonymous_1)
FNDA:0,(anonymous_2)
FNDA:0,(anonymous_3)
FNDA:0,(anonymous_4)
FNDA:0,(anonymous_5)
DA:1,3
DA:2,3
DA:4,3
DA:5,5
DA:6,5
DA:7,5
DA:8,5
DA:9,5
DA:10,5
DA:12,0
DA:17,3
DA:18,1
DA:19,1
DA:20,1
DA:21,1
DA:24,0
DA:29,3
DA:30,0
DA:31,0
DA:33,0
DA:35,0
DA:43,0
DA:48,3
DA:50,0
DA:51,0
DA:52,0
DA:53,0
DA:55,0
DA:58,0
DA:63,3
DA:64,0
DA:65,0
DA:66,0
DA:68,0
DA:69,0
DA:70,0
DA:73,0
DA:74,0
DA:77,0
DA:82,3
DA:83,0
DA:84,0
DA:85,0
DA:86,0
DA:88,0
LF:45
LH:18
BRDA:68,0,0,0
BRDA:68,0,1,0
BRF:2
BRH:0
end_of_record
TN:
SF:src\controllers\banks.controller.js
FN:3,(anonymous_0)
FNF:1
FNH:1
FNDA:1,(anonymous_0)
DA:1,3
DA:3,3
DA:4,1
DA:5,1
DA:6,1
DA:7,1
DA:9,0
LF:7
LH:6
BRF:0
BRH:0
end_of_record
TN:
SF:src\libraries\util.js
FN:5,(anonymous_0)
FN:16,(anonymous_1)
FN:24,(anonymous_2)
FN:32,(anonymous_3)
FN:40,(anonymous_4)
FN:45,(anonymous_5)
FN:59,(anonymous_6)
FN:74,(anonymous_7)
FNF:8
FNH:7
FNDA:4,(anonymous_0)
FNDA:7,(anonymous_1)
FNDA:4,(anonymous_2)
FNDA:4,(anonymous_3)
FNDA:0,(anonymous_4)
FNDA:6,(anonymous_5)
FNDA:6,(anonymous_6)
FNDA:6,(anonymous_7)
DA:1,4
DA:3,4
DA:6,4
DA:7,2
DA:9,2
DA:10,2
DA:12,2
DA:13,1
DA:14,1
DA:17,7
DA:18,3
DA:19,4
DA:20,4
DA:21,2
DA:22,2
DA:25,4
DA:26,2
DA:27,2
DA:28,2
DA:29,1
DA:30,1
DA:33,4
DA:34,2
DA:35,2
DA:36,2
DA:37,0
DA:38,2
DA:41,0
DA:42,0
DA:46,6
DA:47,6
DA:49,6
DA:50,6
DA:52,6
DA:53,2
DA:55,4
DA:61,6
DA:62,6
DA:64,6
DA:65,6
DA:67,6
DA:68,2
DA:70,4
DA:75,6
DA:76,6
LF:45
LH:42
BRDA:6,0,0,2
BRDA:6,0,1,2
BRDA:6,1,0,4
BRDA:6,1,1,3
BRDA:12,2,0,1
BRDA:12,2,1,1
BRDA:12,3,0,2
BRDA:12,3,1,1
BRDA:17,4,0,3
BRDA:17,4,1,4
BRDA:17,5,0,7
BRDA:17,5,1,6
BRDA:20,6,0,2
BRDA:20,6,1,2
BRDA:20,7,0,4
BRDA:20,7,1,2
BRDA:25,8,0,2
BRDA:25,8,1,2
BRDA:25,9,0,4
BRDA:25,9,1,3
BRDA:28,10,0,1
BRDA:28,10,1,1
BRDA:33,11,0,2
BRDA:33,11,1,2
BRDA:33,12,0,4
BRDA:33,12,1,3
BRDA:36,13,0,0
BRDA:36,13,1,2
BRDA:52,14,0,2
BRDA:52,14,1,4
BRDA:53,15,0,2
BRDA:53,15,1,1
BRDA:55,16,0,4
BRDA:55,16,1,2
BRDA:67,17,0,2
BRDA:67,17,1,4
BRDA:68,18,0,2
BRDA:68,18,1,1
BRDA:70,19,0,4
BRDA:70,19,1,2
BRF:40
BRH:39
end_of_record
TN:
SF:src\models\AccountType.js
FN:5,(anonymous_0)
FN:8,(anonymous_1)
FNF:2
FNH:2
FNDA:3,(anonymous_0)
FNDA:3,(anonymous_1)
DA:4,3
DA:5,3
DA:12,3
DA:37,3
LF:4
LH:4
BRF:0
BRH:0
end_of_record
TN:
SF:src\models\Bank.js
FN:5,(anonymous_0)
FN:8,(anonymous_1)
FNF:2
FNH:2
FNDA:3,(anonymous_0)
FNDA:3,(anonymous_1)
DA:4,3
DA:5,3
DA:12,3
DA:41,3
LF:4
LH:4
BRF:0
BRH:0
end_of_record
TN:
SF:src\models\BankAccountHolder.js
FN:5,(anonymous_0)
FN:8,(anonymous_1)
FNF:2
FNH:2
FNDA:3,(anonymous_0)
FNDA:3,(anonymous_1)
DA:4,3
DA:5,3
DA:12,3
DA:69,3
LF:4
LH:4
BRF:0
BRH:0
end_of_record
TN:
SF:src\models\index.js
FN:20,(anonymous_0)
FN:23,(anonymous_1)
FN:28,(anonymous_2)
FNF:3
FNH:3
FNDA:12,(anonymous_0)
FNDA:9,(anonymous_1)
FNDA:9,(anonymous_2)
DA:3,3
DA:4,3
DA:5,3
DA:6,3
DA:7,3
DA:8,3
DA:9,3
DA:12,3
DA:13,0
DA:15,3
DA:18,3
DA:21,12
DA:24,9
DA:25,9
DA:28,3
DA:29,9
DA:30,9
DA:34,3
DA:35,3
DA:37,3
LF:20
LH:19
BRDA:7,0,0,3
BRDA:7,0,1,0
BRDA:12,1,0,0
BRDA:12,1,1,3
BRDA:21,2,0,12
BRDA:21,2,1,12
BRDA:21,2,2,9
BRDA:29,3,0,9
BRDA:29,3,1,0
BRF:9
BRH:6
end_of_record
TN:
SF:src\repositories\accountstype.repository.js
FN:3,(anonymous_0)
FNF:1
FNH:1
FNDA:1,(anonymous_0)
DA:1,3
DA:3,3
DA:4,1
LF:3
LH:3
BRF:0
BRH:0
end_of_record
TN:
SF:src\repositories\banks.accountholder.repository.js
FN:5,(anonymous_0)
FN:28,(anonymous_1)
FN:32,(anonymous_2)
FN:49,(anonymous_3)
FN:67,(anonymous_4)
FN:75,(anonymous_5)
FNF:6
FNH:2
FNDA:5,(anonymous_0)
FNDA:1,(anonymous_1)
FNDA:0,(anonymous_2)
FNDA:0,(anonymous_3)
FNDA:0,(anonymous_4)
FNDA:0,(anonymous_5)
DA:1,3
DA:2,3
DA:3,3
DA:5,3
DA:7,5
DA:8,1
DA:12,4
DA:13,4
DA:28,3
DA:29,1
DA:32,3
DA:35,0
DA:45,0
DA:49,3
DA:51,0
DA:53,0
DA:54,0
DA:55,0
DA:56,0
DA:57,0
DA:58,0
DA:59,0
DA:60,0
DA:61,0
DA:62,0
DA:63,0
DA:67,3
DA:69,0
DA:70,0
DA:71,0
DA:72,0
DA:75,3
DA:76,0
DA:81,0
LF:34
LH:14
BRDA:7,0,0,1
BRDA:7,0,1,4
BRDA:7,1,0,5
BRDA:7,1,1,4
BRDA:7,1,2,4
BRF:5
BRH:5
end_of_record
TN:
SF:src\repositories\banks.repository.js
FN:4,(anonymous_0)
FNF:1
FNH:1
FNDA:1,(anonymous_0)
DA:1,3
DA:2,3
DA:4,3
DA:6,1
DA:7,1
DA:12,0
DA:13,0
LF:7
LH:5
BRDA:6,0,0,1
BRDA:6,0,1,0
BRDA:6,1,0,1
BRDA:6,1,1,0
BRDA:6,1,2,0
BRF:5
BRH:2
end_of_record
TN:
SF:src\routes\accountstype.routes.js
FNF:0
FNH:0
DA:2,3
DA:3,3
DA:5,3
DA:7,3
LF:4
LH:4
BRF:0
BRH:0
end_of_record
TN:
SF:src\routes\banks.accountholder.routes.js
FN:11,(anonymous_0)
FN:22,(anonymous_1)
FN:32,(anonymous_2)
FNF:3
FNH:0
FNDA:0,(anonymous_0)
FNDA:0,(anonymous_1)
FNDA:0,(anonymous_2)
DA:2,3
DA:3,3
DA:4,3
DA:5,3
DA:7,3
DA:9,3
DA:11,3
DA:13,0
DA:14,0
DA:15,0
DA:17,0
DA:22,3
DA:24,0
DA:25,0
DA:26,0
DA:28,0
DA:32,3
DA:34,0
DA:35,0
DA:36,0
DA:38,0
DA:42,3
DA:44,3
LF:23
LH:11
BRDA:14,0,0,0
BRDA:14,0,1,0
BRDA:25,1,0,0
BRDA:25,1,1,0
BRDA:35,2,0,0
BRDA:35,2,1,0
BRF:6
BRH:0
end_of_record
TN:
SF:src\routes\banks.routes.js
FNF:0
FNH:0
DA:2,3
DA:3,3
DA:5,3
DA:7,3
LF:4
LH:4
BRF:0
BRH:0
end_of_record
TN:
SF:src\routes\schema\banks.accountholder.schema.js
FN:5,(anonymous_0)
FN:11,(anonymous_1)
FN:53,(anonymous_2)
FNF:3
FNH:0
FNDA:0,(anonymous_0)
FNDA:0,(anonymous_1)
FNDA:0,(anonymous_2)
DA:1,3
DA:3,3
DA:6,0
DA:12,0
DA:54,0
LF:5
LH:2
BRF:0
BRH:0
end_of_record
TN:
SF:src\services\accountstype.service.js
FN:3,(anonymous_0)
FNF:1
FNH:1
FNDA:1,(anonymous_0)
DA:1,3
DA:3,3
DA:4,1
LF:3
LH:3
BRF:0
BRH:0
end_of_record
TN:
SF:src\services\banks.accountholder.service.js
FN:3,(anonymous_0)
FN:7,(anonymous_1)
FN:11,(anonymous_2)
FN:15,(anonymous_3)
FN:19,(anonymous_4)
FN:23,(anonymous_5)
FNF:6
FNH:2
FNDA:5,(anonymous_0)
FNDA:1,(anonymous_1)
FNDA:0,(anonymous_2)
FNDA:0,(anonymous_3)
FNDA:0,(anonymous_4)
FNDA:0,(anonymous_5)
DA:1,3
DA:3,3
DA:4,5
DA:7,3
DA:8,1
DA:11,3
DA:12,0
DA:15,3
DA:16,0
DA:19,3
DA:20,0
DA:23,3
DA:24,0
LF:13
LH:9
BRF:0
BRH:0
end_of_record
TN:
SF:src\services\banks.service.js
FN:3,(anonymous_0)
FNF:1
FNH:1
FNDA:1,(anonymous_0)
DA:1,3
DA:3,3
DA:4,1
LF:3
LH:3
BRF:0
BRH:0
end_of_record
